2025-07-01 10:17:28,460 - INFO - --- Starting Paper Analysis ---
2025-07-01 10:17:28,460 - INFO - Parsing README.md...
2025-07-01 10:17:32,196 - INFO - Parsed 2200 papers.
2025-07-01 10:17:32,201 - INFO - Saving data to papers.csv...
2025-07-01 10:17:32,301 - INFO - Data successfully saved to papers.csv.
2025-07-01 10:17:32,301 - INFO - Analyzing topics...
2025-07-01 10:17:32,457 - INFO - Topic analysis complete.
2025-07-01 10:17:32,457 - INFO - Generating topic distribution plot at visualizations/topic_distribution.png...
2025-07-01 10:17:32,795 - INFO - Topic distribution plot saved.
2025-07-01 10:17:32,795 - INFO - Generating TSA decomposition plot at visualizations/tsa_decomposition.png...
2025-07-01 10:17:33,571 - INFO - TSA decomposition plot saved.
2025-07-01 10:17:33,571 - INFO - Generating monthly topic pie charts for the last 3 months...
2025-07-01 10:17:33,637 - WARNING - No topics found for 2025-04. Generating empty plot.
2025-07-01 10:17:33,701 - INFO - Monthly topic pie chart saved for April 2025 at visualizations/topic_pie_2025_04.png.
2025-07-01 10:17:33,717 - WARNING - No topics found for 2025-05. Generating empty plot.
2025-07-01 10:17:33,772 - INFO - Monthly topic pie chart saved for May 2025 at visualizations/topic_pie_2025_05.png.
2025-07-01 10:17:33,895 - INFO - Monthly topic pie chart saved for June 2025 at visualizations/topic_pie_2025_06.png.
2025-07-01 10:17:33,895 - INFO - Generating papers by month plot at visualizations/papers_by_month.png...
2025-07-01 10:17:34,021 - INFO - Papers by month plot saved.
2025-07-01 10:17:34,021 - INFO - Generating monthly topic trends plot at visualizations/monthly_topic_trends.png...
2025-07-01 10:17:34,235 - INFO - Monthly topic trends plot saved.
2025-07-01 10:17:34,235 - INFO - Generating author collaboration network at visualizations/author_network.png...
2025-07-01 10:17:34,633 - INFO - Author network plot saved.
2025-07-01 10:17:34,634 - INFO - Generating dashboard at visualizations/dashboard.png...
2025-07-01 10:17:36,770 - INFO - Dashboard saved.
2025-07-01 10:17:36,771 - INFO - --- Analysis complete. CSV and visualizations have been updated. ---
